<?xml version="1.0" encoding="UTF-8"?>
<!-- Generated by org.testng.reporters.JUnitReportReporter -->
<testsuite hostname="DESKTOP-JHCPOK9" failures="0" tests="9" name="com.test.scripts.GetAllEmployees" time="0.066" errors="0" timestamp="2021-04-04T21:53:03 IST" skipped="0">
  <testcase classname="com.test.scripts.GetAllEmployees" name="checkContentLength" time="0.002"/>
  <system-out/>
  <testcase classname="com.test.scripts.GetAllEmployees" name="checkContentType" time="0.001"/>
  <system-out/>
  <testcase classname="com.test.scripts.GetAllEmployees" name="checkServerType" time="0.006"/>
  <system-out/>
  <testcase classname="com.test.scripts.GetAllEmployees" name="checkContentEncoding" time="0.010"/>
  <system-out/>
  <testcase classname="com.test.scripts.GetAllEmployees" name="checkStatusLine" time="0.002"/>
  <system-out/>
  <testcase classname="com.test.scripts.GetAllEmployees" name="checkResponseTime" time="0.005"/>
  <system-out/>
  <testcase classname="com.test.scripts.GetAllEmployees" name="checkStatusCode" time="0.005"/>
  <system-out/>
  <testcase classname="com.test.scripts.GetAllEmployees" name="verifyCookies" time="0.004"/>
  <system-out/>
  <testcase classname="com.test.scripts.GetAllEmployees" name="checkResponseBody" time="0.031"/>
  <system-out/>
</testsuite> <!-- com.test.scripts.GetAllEmployees -->
