<?xml version="1.0" encoding="UTF-8"?>
<!-- Generated by org.testng.reporters.JUnitReportReporter -->
<testsuite hostname="DESKTOP-JHCPOK9" failures="0" tests="3" name="com.test.scripts.DeleteEmployee" time="0.028" errors="0" timestamp="2021-04-04T21:53:03 IST" skipped="0">
  <testcase classname="com.test.scripts.DeleteEmployee" name="checkStatusLine" time="0.005"/>
  <system-out/>
  <testcase classname="com.test.scripts.DeleteEmployee" name="checkStatusCode" time="0.007"/>
  <system-out/>
  <testcase classname="com.test.scripts.DeleteEmployee" name="checkResponseBody" time="0.016"/>
  <system-out/>
</testsuite> <!-- com.test.scripts.DeleteEmployee -->
